<?xml version="1.0" encoding="UTF-8"?>
<!-- Generated by org.testng.reporters.JUnitXMLReporter -->
<testsuite ignored="0" hostname="LAPTOP-7VDK3FRJ" failures="0" tests="3" name="Default test" time="27.998" errors="0" timestamp="2024-05-15T18:50:19 IST">
  <testcase classname="com.project.testcases.A_SignInPageTest" name="testPageTitle" time="0.021"/>
  <testcase classname="com.project.testcases.A_SignInPageTest" name="testCreateAccount" time="4.219"/>
  <testcase classname="com.project.testcases.A_SignInPageTest" name="testInputCreateAccount" time="1.859"/>
</testsuite> <!-- Default test -->
